<?xml version="1.0" encoding="UTF-8"?>
<testsuite xmlns:xsi="http://www.w3.org/2001/XMLSchema-instance" xsi:noNamespaceSchemaLocation="https://maven.apache.org/surefire/maven-surefire-plugin/xsd/surefire-test-report-3.0.xsd" version="3.0" name="runner.TestRunner" time="36.862" tests="8" errors="6" skipped="0" failures="0">
  <properties>
[...]
</properties>
  <testcase name="TC_LOGIN_6 - Validación de distintas entradas límites al login #1" classname="Login Quotes" time="4.93">
    <system-out><![CDATA[
@limite
Scenario Outline: TC_LOGIN_6 - Validación de distintas entradas límites al login                # src/test/resources/features/LoginQuotes.feature:60
14:21:27.690 [main] DEBUG io.github.bonigarcia.wdm.WebDriverManager -- Using WebDriverManager 5.8.0
14:21:27.946 [main] DEBUG io.github.bonigarcia.wdm.cache.ResolutionCache -- Resolution chrome=137 in cache (valid until 15:01:43 04/07/2025 COT)
14:21:27.946 [main] DEBUG io.github.bonigarcia.wdm.cache.ResolutionCache -- Resolution chrome137=137.0.7151.119 in cache (valid until 21:56:58 04/07/2025 COT)
14:21:27.954 [main] INFO io.github.bonigarcia.wdm.WebDriverManager -- Using chromedriver 137.0.7151.119 (resolved driver for Chrome 137)
14:21:27.978 [main] DEBUG io.github.bonigarcia.wdm.WebDriverManager -- Driver chromedriver 137.0.7151.119 found in cache
14:21:27.978 [main] INFO io.github.bonigarcia.wdm.WebDriverManager -- Exporting webdriver.chrome.driver as C:\Users\hecto\.cache\selenium\chromedriver\win64\137.0.7151.119\chromedriver.exe
14:21:28.852 [main] INFO steps.StepsLoginQuotes -- Se configuró e navegador correctamente: chrome
14:21:29.606 [main] INFO steps.StepsLoginQuotes -- Me encuentro en la página principal
  Given estoy en la página principal                                                            # steps.StepsLoginQuotes.estoy_en_la_pagina_principal()
  When hago clic en el link "Login"                                                             # steps.StepsLoginQuotes.hago_clic_en_el_link_logout(java.lang.String)
14:21:29.902 [main] DEBUG steps.StepsLoginQuotes -- Ingresando credenciales parametrizadas en el feature :  y 
  And ingreso el usuario "" y la contraseña ""                                                  # steps.StepsLoginQuotes.ingreso_usuario_y_contrasena(java.lang.String,java.lang.String)
  And hago clic en el botón de login                                                            # steps.StepsLoginQuotes.hago_clic_en_boton_login()
14:21:30.357 [main] INFO steps.StepsLoginQuotes -- Mensaje encontrado: Error while logging in: please, provide your username.
  Then debería ver el mensaje de error "Error while logging in: please, provide your username." # steps.StepsLoginQuotes.deberia_ver_el_mensaje(java.lang.String)
]]></system-out>
    <system-err><![CDATA[Jul 04, 2025 2:21:28 PM org.openqa.selenium.devtools.CdpVersionFinder findNearestMatch
WARNING: Unable to find CDP implementation matching 137
Jul 04, 2025 2:21:28 PM org.openqa.selenium.chromium.ChromiumDriver lambda$new$5
WARNING: Unable to find version of CDP to use for 137.0.7151.120. You may need to include a dependency on a specific version of the CDP using something similar to `org.seleniumhq.selenium:selenium-devtools-v86:4.20.0` where the version ("v86") matches the version of the chromium-based browser you're using and the version number of the artifact is the same as Selenium's.
]]></system-err>
  </testcase>
  <testcase name="TC_LOGIN_6 - Validación de distintas entradas límites al login #2" classname="Login Quotes" time="4.53">
    <error message="no such element: Unable to locate element: {&quot;method&quot;:&quot;xpath&quot;,&quot;selector&quot;:&quot;//*[contains(text(),&apos;Clave vacía&apos;)]&quot;}&#10;  (Session info: chrome=137.0.7151.120)&#10;For documentation on this error, please visit: https://www.selenium.dev/documentation/webdriver/troubleshooting/errors#no-such-element-exception&#10;Build info: version: &apos;4.20.0&apos;, revision: &apos;866c76ca80&apos;&#10;System info: os.name: &apos;Windows 11&apos;, os.arch: &apos;amd64&apos;, os.version: &apos;10.0&apos;, java.version: &apos;21.0.7&apos;&#10;Driver info: org.openqa.selenium.chrome.ChromeDriver&#10;Command: [06194e7d02ff8d93da7f696faa783ac1, findElement {using=xpath, value=//*[contains(text(),&apos;Clave vacía&apos;)]}]&#10;Capabilities {acceptInsecureCerts: false, browserName: chrome, browserVersion: 137.0.7151.120, chrome: {chromedriverVersion: 137.0.7151.119 (e0ac9d12dff..., userDataDir: C:\Users\hecto\AppData\Loca...}, fedcm:accounts: true, goog:chromeOptions: {debuggerAddress: localhost:52105}, networkConnectionEnabled: false, pageLoadStrategy: normal, platformName: windows, proxy: Proxy(), se:cdp: ws://localhost:52105/devtoo..., se:cdpVersion: 137.0.7151.120, setWindowRect: true, strictFileInteractability: false, timeouts: {implicit: 0, pageLoad: 300000, script: 30000}, unhandledPromptBehavior: dismiss and notify, webauthn:extension:credBlob: true, webauthn:extension:largeBlob: true, webauthn:extension:minPinLength: true, webauthn:extension:prf: true, webauthn:virtualAuthenticators: true}&#10;Session ID: 06194e7d02ff8d93da7f696faa783ac1" type="org.openqa.selenium.NoSuchElementException"><![CDATA[org.openqa.selenium.NoSuchElementException: 
no such element: Unable to locate element: {"method":"xpath","selector":"//*[contains(text(),'Clave vacía')]"}
  (Session info: chrome=137.0.7151.120)
For documentation on this error, please visit: https://www.selenium.dev/documentation/webdriver/troubleshooting/errors#no-such-element-exception
Build info: version: '4.20.0', revision: '866c76ca80'
System info: os.name: 'Windows 11', os.arch: 'amd64', os.version: '10.0', java.version: '21.0.7'
Driver info: org.openqa.selenium.chrome.ChromeDriver
Command: [06194e7d02ff8d93da7f696faa783ac1, findElement {using=xpath, value=//*[contains(text(),'Clave vacía')]}]
Capabilities {acceptInsecureCerts: false, browserName: chrome, browserVersion: 137.0.7151.120, chrome: {chromedriverVersion: 137.0.7151.119 (e0ac9d12dff..., userDataDir: C:\Users\hecto\AppData\Loca...}, fedcm:accounts: true, goog:chromeOptions: {debuggerAddress: localhost:52105}, networkConnectionEnabled: false, pageLoadStrategy: normal, platformName: windows, proxy: Proxy(), se:cdp: ws://localhost:52105/devtoo..., se:cdpVersion: 137.0.7151.120, setWindowRect: true, strictFileInteractability: false, timeouts: {implicit: 0, pageLoad: 300000, script: 30000}, unhandledPromptBehavior: dismiss and notify, webauthn:extension:credBlob: true, webauthn:extension:largeBlob: true, webauthn:extension:minPinLength: true, webauthn:extension:prf: true, webauthn:virtualAuthenticators: true}
Session ID: 06194e7d02ff8d93da7f696faa783ac1
	at java.base/jdk.internal.reflect.DirectConstructorHandleAccessor.newInstance(DirectConstructorHandleAccessor.java:62)
	at java.base/java.lang.reflect.Constructor.newInstanceWithCaller(Constructor.java:502)
	at java.base/java.lang.reflect.Constructor.newInstance(Constructor.java:486)
	at org.openqa.selenium.remote.ErrorCodec.decode(ErrorCodec.java:167)
	at org.openqa.selenium.remote.codec.w3c.W3CHttpResponseCodec.decode(W3CHttpResponseCodec.java:138)
	at org.openqa.selenium.remote.codec.w3c.W3CHttpResponseCodec.decode(W3CHttpResponseCodec.java:50)
	at org.openqa.selenium.remote.HttpCommandExecutor.execute(HttpCommandExecutor.java:190)
	at org.openqa.selenium.remote.service.DriverCommandExecutor.invokeExecute(DriverCommandExecutor.java:216)
	at org.openqa.selenium.remote.service.DriverCommandExecutor.execute(DriverCommandExecutor.java:174)
	at org.openqa.selenium.remote.RemoteWebDriver.execute(RemoteWebDriver.java:518)
	at org.openqa.selenium.remote.ElementLocation$ElementFinder$2.findElement(ElementLocation.java:165)
	at org.openqa.selenium.remote.ElementLocation.findElement(ElementLocation.java:59)
	at org.openqa.selenium.remote.RemoteWebDriver.findElement(RemoteWebDriver.java:355)
	at org.openqa.selenium.remote.RemoteWebDriver.findElement(RemoteWebDriver.java:349)
	at steps.StepsLoginQuotes.deberia_ver_el_mensaje(StepsLoginQuotes.java:76)
	at ✽.debería ver el mensaje de error "Clave vacía"(file:///C:/Users/hecto/Downloads/Entrevista/QuotesProject/src/test/resources/features/LoginQuotes.feature:55)
]]></error>
    <system-out><![CDATA[
@limite
Scenario Outline: TC_LOGIN_6 - Validación de distintas entradas límites al login # src/test/resources/features/LoginQuotes.feature:61
14:21:32.502 [main] DEBUG io.github.bonigarcia.wdm.WebDriverManager -- Using WebDriverManager 5.8.0
14:21:32.514 [main] DEBUG io.github.bonigarcia.wdm.cache.ResolutionCache -- Resolution chrome=137 in cache (valid until 15:01:43 04/07/2025 COT)
14:21:32.514 [main] DEBUG io.github.bonigarcia.wdm.cache.ResolutionCache -- Resolution chrome137=137.0.7151.119 in cache (valid until 21:56:58 04/07/2025 COT)
14:21:32.514 [main] INFO io.github.bonigarcia.wdm.WebDriverManager -- Using chromedriver 137.0.7151.119 (resolved driver for Chrome 137)
14:21:32.522 [main] DEBUG io.github.bonigarcia.wdm.WebDriverManager -- Driver chromedriver 137.0.7151.119 found in cache
14:21:32.522 [main] INFO io.github.bonigarcia.wdm.WebDriverManager -- Exporting webdriver.chrome.driver as C:\Users\hecto\.cache\selenium\chromedriver\win64\137.0.7151.119\chromedriver.exe
14:21:33.149 [main] INFO steps.StepsLoginQuotes -- Se configuró e navegador correctamente: chrome
14:21:33.939 [main] INFO steps.StepsLoginQuotes -- Me encuentro en la página principal
  Given estoy en la página principal                                             # steps.StepsLoginQuotes.estoy_en_la_pagina_principal()
  When hago clic en el link "Login"                                              # steps.StepsLoginQuotes.hago_clic_en_el_link_logout(java.lang.String)
14:21:34.229 [main] DEBUG steps.StepsLoginQuotes -- Ingresando credenciales parametrizadas en el feature : usuarioValido y 
  And ingreso el usuario "usuarioValido" y la contraseña ""                      # steps.StepsLoginQuotes.ingreso_usuario_y_contrasena(java.lang.String,java.lang.String)
  And hago clic en el botón de login                                             # steps.StepsLoginQuotes.hago_clic_en_boton_login()
  Then debería ver el mensaje de error "Clave vacía"                             # steps.StepsLoginQuotes.deberia_ver_el_mensaje(java.lang.String)
      org.openqa.selenium.NoSuchElementException: no such element: Unable to locate element: {"method":"xpath","selector":"//*[contains(text(),'Clave vacía')]"}
  (Session info: chrome=137.0.7151.120)
For documentation on this error, please visit: https://www.selenium.dev/documentation/webdriver/troubleshooting/errors#no-such-element-exception
Build info: version: '4.20.0', revision: '866c76ca80'
System info: os.name: 'Windows 11', os.arch: 'amd64', os.version: '10.0', java.version: '21.0.7'
Driver info: org.openqa.selenium.chrome.ChromeDriver
Command: [06194e7d02ff8d93da7f696faa783ac1, findElement {using=xpath, value=//*[contains(text(),'Clave vacía')]}]
Capabilities {acceptInsecureCerts: false, browserName: chrome, browserVersion: 137.0.7151.120, chrome: {chromedriverVersion: 137.0.7151.119 (e0ac9d12dff..., userDataDir: C:\Users\hecto\AppData\Loca...}, fedcm:accounts: true, goog:chromeOptions: {debuggerAddress: localhost:52105}, networkConnectionEnabled: false, pageLoadStrategy: normal, platformName: windows, proxy: Proxy(), se:cdp: ws://localhost:52105/devtoo..., se:cdpVersion: 137.0.7151.120, setWindowRect: true, strictFileInteractability: false, timeouts: {implicit: 0, pageLoad: 300000, script: 30000}, unhandledPromptBehavior: dismiss and notify, webauthn:extension:credBlob: true, webauthn:extension:largeBlob: true, webauthn:extension:minPinLength: true, webauthn:extension:prf: true, webauthn:virtualAuthenticators: true}
Session ID: 06194e7d02ff8d93da7f696faa783ac1
	at java.base/jdk.internal.reflect.DirectConstructorHandleAccessor.newInstance(DirectConstructorHandleAccessor.java:62)
	at java.base/java.lang.reflect.Constructor.newInstanceWithCaller(Constructor.java:502)
	at java.base/java.lang.reflect.Constructor.newInstance(Constructor.java:486)
	at org.openqa.selenium.remote.ErrorCodec.decode(ErrorCodec.java:167)
	at org.openqa.selenium.remote.codec.w3c.W3CHttpResponseCodec.decode(W3CHttpResponseCodec.java:138)
	at org.openqa.selenium.remote.codec.w3c.W3CHttpResponseCodec.decode(W3CHttpResponseCodec.java:50)
	at org.openqa.selenium.remote.HttpCommandExecutor.execute(HttpCommandExecutor.java:190)
	at org.openqa.selenium.remote.service.DriverCommandExecutor.invokeExecute(DriverCommandExecutor.java:216)
	at org.openqa.selenium.remote.service.DriverCommandExecutor.execute(DriverCommandExecutor.java:174)
	at org.openqa.selenium.remote.RemoteWebDriver.execute(RemoteWebDriver.java:518)
	at org.openqa.selenium.remote.ElementLocation$ElementFinder$2.findElement(ElementLocation.java:165)
	at org.openqa.selenium.remote.ElementLocation.findElement(ElementLocation.java:59)
	at org.openqa.selenium.remote.RemoteWebDriver.findElement(RemoteWebDriver.java:355)
	at org.openqa.selenium.remote.RemoteWebDriver.findElement(RemoteWebDriver.java:349)
	at steps.StepsLoginQuotes.deberia_ver_el_mensaje(StepsLoginQuotes.java:76)
	at ✽.debería ver el mensaje de error "Clave vacía"(file:///C:/Users/hecto/Downloads/Entrevista/QuotesProject/src/test/resources/features/LoginQuotes.feature:55)

]]></system-out>
    <system-err><![CDATA[Jul 04, 2025 2:21:33 PM org.openqa.selenium.devtools.CdpVersionFinder findNearestMatch
WARNING: Unable to find CDP implementation matching 137
Jul 04, 2025 2:21:33 PM org.openqa.selenium.chromium.ChromiumDriver lambda$new$5
WARNING: Unable to find version of CDP to use for 137.0.7151.120. You may need to include a dependency on a specific version of the CDP using something similar to `org.seleniumhq.selenium:selenium-devtools-v86:4.20.0` where the version ("v86") matches the version of the chromium-based browser you're using and the version number of the artifact is the same as Selenium's.
]]></system-err>
  </testcase>
  <testcase name="TC_LOGIN_6 - Validación de distintas entradas límites al login #3" classname="Login Quotes" time="4.558">
    <system-out><![CDATA[
@limite
Scenario Outline: TC_LOGIN_6 - Validación de distintas entradas límites al login                # src/test/resources/features/LoginQuotes.feature:62
14:21:37.044 [main] DEBUG io.github.bonigarcia.wdm.WebDriverManager -- Using WebDriverManager 5.8.0
14:21:37.049 [main] DEBUG io.github.bonigarcia.wdm.cache.ResolutionCache -- Resolution chrome=137 in cache (valid until 15:01:43 04/07/2025 COT)
14:21:37.049 [main] DEBUG io.github.bonigarcia.wdm.cache.ResolutionCache -- Resolution chrome137=137.0.7151.119 in cache (valid until 21:56:58 04/07/2025 COT)
14:21:37.049 [main] INFO io.github.bonigarcia.wdm.WebDriverManager -- Using chromedriver 137.0.7151.119 (resolved driver for Chrome 137)
14:21:37.057 [main] DEBUG io.github.bonigarcia.wdm.WebDriverManager -- Driver chromedriver 137.0.7151.119 found in cache
14:21:37.057 [main] INFO io.github.bonigarcia.wdm.WebDriverManager -- Exporting webdriver.chrome.driver as C:\Users\hecto\.cache\selenium\chromedriver\win64\137.0.7151.119\chromedriver.exe
14:21:37.711 [main] INFO steps.StepsLoginQuotes -- Se configuró e navegador correctamente: chrome
14:21:38.516 [main] INFO steps.StepsLoginQuotes -- Me encuentro en la página principal
  Given estoy en la página principal                                                            # steps.StepsLoginQuotes.estoy_en_la_pagina_principal()
  When hago clic en el link "Login"                                                             # steps.StepsLoginQuotes.hago_clic_en_el_link_logout(java.lang.String)
14:21:38.857 [main] DEBUG steps.StepsLoginQuotes -- Ingresando credenciales parametrizadas en el feature :  y claveValida
  And ingreso el usuario "" y la contraseña "claveValida"                                       # steps.StepsLoginQuotes.ingreso_usuario_y_contrasena(java.lang.String,java.lang.String)
  And hago clic en el botón de login                                                            # steps.StepsLoginQuotes.hago_clic_en_boton_login()
14:21:39.347 [main] INFO steps.StepsLoginQuotes -- Mensaje encontrado: Error while logging in: please, provide your username.
  Then debería ver el mensaje de error "Error while logging in: please, provide your username." # steps.StepsLoginQuotes.deberia_ver_el_mensaje(java.lang.String)
]]></system-out>
    <system-err><![CDATA[Jul 04, 2025 2:21:37 PM org.openqa.selenium.devtools.CdpVersionFinder findNearestMatch
WARNING: Unable to find CDP implementation matching 137
Jul 04, 2025 2:21:37 PM org.openqa.selenium.chromium.ChromiumDriver lambda$new$5
WARNING: Unable to find version of CDP to use for 137.0.7151.120. You may need to include a dependency on a specific version of the CDP using something similar to `org.seleniumhq.selenium:selenium-devtools-v86:4.20.0` where the version ("v86") matches the version of the chromium-based browser you're using and the version number of the artifact is the same as Selenium's.
]]></system-err>
  </testcase>
  <testcase name="TC_LOGIN_6 - Validación de distintas entradas límites al login #4" classname="Login Quotes" time="4.467">
    <error message="no such element: Unable to locate element: {&quot;method&quot;:&quot;xpath&quot;,&quot;selector&quot;:&quot;//*[contains(text(),&apos;Mínimo 1 carácter&apos;)]&quot;}&#10;  (Session info: chrome=137.0.7151.120)&#10;For documentation on this error, please visit: https://www.selenium.dev/documentation/webdriver/troubleshooting/errors#no-such-element-exception&#10;Build info: version: &apos;4.20.0&apos;, revision: &apos;866c76ca80&apos;&#10;System info: os.name: &apos;Windows 11&apos;, os.arch: &apos;amd64&apos;, os.version: &apos;10.0&apos;, java.version: &apos;21.0.7&apos;&#10;Driver info: org.openqa.selenium.chrome.ChromeDriver&#10;Command: [c9cb7300e245bf796821d5f97d356ebe, findElement {using=xpath, value=//*[contains(text(),&apos;Mínimo 1 carácter&apos;)]}]&#10;Capabilities {acceptInsecureCerts: false, browserName: chrome, browserVersion: 137.0.7151.120, chrome: {chromedriverVersion: 137.0.7151.119 (e0ac9d12dff..., userDataDir: C:\Users\hecto\AppData\Loca...}, fedcm:accounts: true, goog:chromeOptions: {debuggerAddress: localhost:52268}, networkConnectionEnabled: false, pageLoadStrategy: normal, platformName: windows, proxy: Proxy(), se:cdp: ws://localhost:52268/devtoo..., se:cdpVersion: 137.0.7151.120, setWindowRect: true, strictFileInteractability: false, timeouts: {implicit: 0, pageLoad: 300000, script: 30000}, unhandledPromptBehavior: dismiss and notify, webauthn:extension:credBlob: true, webauthn:extension:largeBlob: true, webauthn:extension:minPinLength: true, webauthn:extension:prf: true, webauthn:virtualAuthenticators: true}&#10;Session ID: c9cb7300e245bf796821d5f97d356ebe" type="org.openqa.selenium.NoSuchElementException"><![CDATA[org.openqa.selenium.NoSuchElementException: 
no such element: Unable to locate element: {"method":"xpath","selector":"//*[contains(text(),'Mínimo 1 carácter')]"}
  (Session info: chrome=137.0.7151.120)
For documentation on this error, please visit: https://www.selenium.dev/documentation/webdriver/troubleshooting/errors#no-such-element-exception
Build info: version: '4.20.0', revision: '866c76ca80'
System info: os.name: 'Windows 11', os.arch: 'amd64', os.version: '10.0', java.version: '21.0.7'
Driver info: org.openqa.selenium.chrome.ChromeDriver
Command: [c9cb7300e245bf796821d5f97d356ebe, findElement {using=xpath, value=//*[contains(text(),'Mínimo 1 carácter')]}]
Capabilities {acceptInsecureCerts: false, browserName: chrome, browserVersion: 137.0.7151.120, chrome: {chromedriverVersion: 137.0.7151.119 (e0ac9d12dff..., userDataDir: C:\Users\hecto\AppData\Loca...}, fedcm:accounts: true, goog:chromeOptions: {debuggerAddress: localhost:52268}, networkConnectionEnabled: false, pageLoadStrategy: normal, platformName: windows, proxy: Proxy(), se:cdp: ws://localhost:52268/devtoo..., se:cdpVersion: 137.0.7151.120, setWindowRect: true, strictFileInteractability: false, timeouts: {implicit: 0, pageLoad: 300000, script: 30000}, unhandledPromptBehavior: dismiss and notify, webauthn:extension:credBlob: true, webauthn:extension:largeBlob: true, webauthn:extension:minPinLength: true, webauthn:extension:prf: true, webauthn:virtualAuthenticators: true}
Session ID: c9cb7300e245bf796821d5f97d356ebe
	at java.base/jdk.internal.reflect.DirectConstructorHandleAccessor.newInstance(DirectConstructorHandleAccessor.java:62)
	at java.base/java.lang.reflect.Constructor.newInstanceWithCaller(Constructor.java:502)
	at java.base/java.lang.reflect.Constructor.newInstance(Constructor.java:486)
	at org.openqa.selenium.remote.ErrorCodec.decode(ErrorCodec.java:167)
	at org.openqa.selenium.remote.codec.w3c.W3CHttpResponseCodec.decode(W3CHttpResponseCodec.java:138)
	at org.openqa.selenium.remote.codec.w3c.W3CHttpResponseCodec.decode(W3CHttpResponseCodec.java:50)
	at org.openqa.selenium.remote.HttpCommandExecutor.execute(HttpCommandExecutor.java:190)
	at org.openqa.selenium.remote.service.DriverCommandExecutor.invokeExecute(DriverCommandExecutor.java:216)
	at org.openqa.selenium.remote.service.DriverCommandExecutor.execute(DriverCommandExecutor.java:174)
	at org.openqa.selenium.remote.RemoteWebDriver.execute(RemoteWebDriver.java:518)
	at org.openqa.selenium.remote.ElementLocation$ElementFinder$2.findElement(ElementLocation.java:165)
	at org.openqa.selenium.remote.ElementLocation.findElement(ElementLocation.java:59)
	at org.openqa.selenium.remote.RemoteWebDriver.findElement(RemoteWebDriver.java:355)
	at org.openqa.selenium.remote.RemoteWebDriver.findElement(RemoteWebDriver.java:349)
	at steps.StepsLoginQuotes.deberia_ver_el_mensaje(StepsLoginQuotes.java:76)
	at ✽.debería ver el mensaje de error "Mínimo 1 carácter"(file:///C:/Users/hecto/Downloads/Entrevista/QuotesProject/src/test/resources/features/LoginQuotes.feature:55)
]]></error>
    <system-out><![CDATA[
@limite
Scenario Outline: TC_LOGIN_6 - Validación de distintas entradas límites al login # src/test/resources/features/LoginQuotes.feature:63
14:21:41.593 [main] DEBUG io.github.bonigarcia.wdm.WebDriverManager -- Using WebDriverManager 5.8.0
14:21:41.599 [main] DEBUG io.github.bonigarcia.wdm.cache.ResolutionCache -- Resolution chrome=137 in cache (valid until 15:01:43 04/07/2025 COT)
14:21:41.600 [main] DEBUG io.github.bonigarcia.wdm.cache.ResolutionCache -- Resolution chrome137=137.0.7151.119 in cache (valid until 21:56:58 04/07/2025 COT)
14:21:41.600 [main] INFO io.github.bonigarcia.wdm.WebDriverManager -- Using chromedriver 137.0.7151.119 (resolved driver for Chrome 137)
14:21:41.606 [main] DEBUG io.github.bonigarcia.wdm.WebDriverManager -- Driver chromedriver 137.0.7151.119 found in cache
14:21:41.606 [main] INFO io.github.bonigarcia.wdm.WebDriverManager -- Exporting webdriver.chrome.driver as C:\Users\hecto\.cache\selenium\chromedriver\win64\137.0.7151.119\chromedriver.exe
14:21:42.238 [main] INFO steps.StepsLoginQuotes -- Se configuró e navegador correctamente: chrome
14:21:42.994 [main] INFO steps.StepsLoginQuotes -- Me encuentro en la página principal
  Given estoy en la página principal                                             # steps.StepsLoginQuotes.estoy_en_la_pagina_principal()
  When hago clic en el link "Login"                                              # steps.StepsLoginQuotes.hago_clic_en_el_link_logout(java.lang.String)
14:21:43.387 [main] DEBUG steps.StepsLoginQuotes -- Ingresando credenciales parametrizadas en el feature : a y a
  And ingreso el usuario "a" y la contraseña "a"                                 # steps.StepsLoginQuotes.ingreso_usuario_y_contrasena(java.lang.String,java.lang.String)
  And hago clic en el botón de login                                             # steps.StepsLoginQuotes.hago_clic_en_boton_login()
  Then debería ver el mensaje de error "Mínimo 1 carácter"                       # steps.StepsLoginQuotes.deberia_ver_el_mensaje(java.lang.String)
      org.openqa.selenium.NoSuchElementException: no such element: Unable to locate element: {"method":"xpath","selector":"//*[contains(text(),'Mínimo 1 carácter')]"}
  (Session info: chrome=137.0.7151.120)
For documentation on this error, please visit: https://www.selenium.dev/documentation/webdriver/troubleshooting/errors#no-such-element-exception
Build info: version: '4.20.0', revision: '866c76ca80'
System info: os.name: 'Windows 11', os.arch: 'amd64', os.version: '10.0', java.version: '21.0.7'
Driver info: org.openqa.selenium.chrome.ChromeDriver
Command: [c9cb7300e245bf796821d5f97d356ebe, findElement {using=xpath, value=//*[contains(text(),'Mínimo 1 carácter')]}]
Capabilities {acceptInsecureCerts: false, browserName: chrome, browserVersion: 137.0.7151.120, chrome: {chromedriverVersion: 137.0.7151.119 (e0ac9d12dff..., userDataDir: C:\Users\hecto\AppData\Loca...}, fedcm:accounts: true, goog:chromeOptions: {debuggerAddress: localhost:52268}, networkConnectionEnabled: false, pageLoadStrategy: normal, platformName: windows, proxy: Proxy(), se:cdp: ws://localhost:52268/devtoo..., se:cdpVersion: 137.0.7151.120, setWindowRect: true, strictFileInteractability: false, timeouts: {implicit: 0, pageLoad: 300000, script: 30000}, unhandledPromptBehavior: dismiss and notify, webauthn:extension:credBlob: true, webauthn:extension:largeBlob: true, webauthn:extension:minPinLength: true, webauthn:extension:prf: true, webauthn:virtualAuthenticators: true}
Session ID: c9cb7300e245bf796821d5f97d356ebe
	at java.base/jdk.internal.reflect.DirectConstructorHandleAccessor.newInstance(DirectConstructorHandleAccessor.java:62)
	at java.base/java.lang.reflect.Constructor.newInstanceWithCaller(Constructor.java:502)
	at java.base/java.lang.reflect.Constructor.newInstance(Constructor.java:486)
	at org.openqa.selenium.remote.ErrorCodec.decode(ErrorCodec.java:167)
	at org.openqa.selenium.remote.codec.w3c.W3CHttpResponseCodec.decode(W3CHttpResponseCodec.java:138)
	at org.openqa.selenium.remote.codec.w3c.W3CHttpResponseCodec.decode(W3CHttpResponseCodec.java:50)
	at org.openqa.selenium.remote.HttpCommandExecutor.execute(HttpCommandExecutor.java:190)
	at org.openqa.selenium.remote.service.DriverCommandExecutor.invokeExecute(DriverCommandExecutor.java:216)
	at org.openqa.selenium.remote.service.DriverCommandExecutor.execute(DriverCommandExecutor.java:174)
	at org.openqa.selenium.remote.RemoteWebDriver.execute(RemoteWebDriver.java:518)
	at org.openqa.selenium.remote.ElementLocation$ElementFinder$2.findElement(ElementLocation.java:165)
	at org.openqa.selenium.remote.ElementLocation.findElement(ElementLocation.java:59)
	at org.openqa.selenium.remote.RemoteWebDriver.findElement(RemoteWebDriver.java:355)
	at org.openqa.selenium.remote.RemoteWebDriver.findElement(RemoteWebDriver.java:349)
	at steps.StepsLoginQuotes.deberia_ver_el_mensaje(StepsLoginQuotes.java:76)
	at ✽.debería ver el mensaje de error "Mínimo 1 carácter"(file:///C:/Users/hecto/Downloads/Entrevista/QuotesProject/src/test/resources/features/LoginQuotes.feature:55)

]]></system-out>
    <system-err><![CDATA[Jul 04, 2025 2:21:42 PM org.openqa.selenium.devtools.CdpVersionFinder findNearestMatch
WARNING: Unable to find CDP implementation matching 137
Jul 04, 2025 2:21:42 PM org.openqa.selenium.chromium.ChromiumDriver lambda$new$5
WARNING: Unable to find version of CDP to use for 137.0.7151.120. You may need to include a dependency on a specific version of the CDP using something similar to `org.seleniumhq.selenium:selenium-devtools-v86:4.20.0` where the version ("v86") matches the version of the chromium-based browser you're using and the version number of the artifact is the same as Selenium's.
]]></system-err>
  </testcase>
  <testcase name="TC_LOGIN_6 - Validación de distintas entradas límites al login #5" classname="Login Quotes" time="4.411">
    <error message="no such element: Unable to locate element: {&quot;method&quot;:&quot;xpath&quot;,&quot;selector&quot;:&quot;//*[contains(text(),&apos;Entrada válida (10 chars)&apos;)]&quot;}&#10;  (Session info: chrome=137.0.7151.120)&#10;For documentation on this error, please visit: https://www.selenium.dev/documentation/webdriver/troubleshooting/errors#no-such-element-exception&#10;Build info: version: &apos;4.20.0&apos;, revision: &apos;866c76ca80&apos;&#10;System info: os.name: &apos;Windows 11&apos;, os.arch: &apos;amd64&apos;, os.version: &apos;10.0&apos;, java.version: &apos;21.0.7&apos;&#10;Driver info: org.openqa.selenium.chrome.ChromeDriver&#10;Command: [49715616e8b926011f4a7aafbafe6a93, findElement {using=xpath, value=//*[contains(text(),&apos;Entrada válida (10 chars)&apos;)]}]&#10;Capabilities {acceptInsecureCerts: false, browserName: chrome, browserVersion: 137.0.7151.120, chrome: {chromedriverVersion: 137.0.7151.119 (e0ac9d12dff..., userDataDir: C:\Users\hecto\AppData\Loca...}, fedcm:accounts: true, goog:chromeOptions: {debuggerAddress: localhost:52360}, networkConnectionEnabled: false, pageLoadStrategy: normal, platformName: windows, proxy: Proxy(), se:cdp: ws://localhost:52360/devtoo..., se:cdpVersion: 137.0.7151.120, setWindowRect: true, strictFileInteractability: false, timeouts: {implicit: 0, pageLoad: 300000, script: 30000}, unhandledPromptBehavior: dismiss and notify, webauthn:extension:credBlob: true, webauthn:extension:largeBlob: true, webauthn:extension:minPinLength: true, webauthn:extension:prf: true, webauthn:virtualAuthenticators: true}&#10;Session ID: 49715616e8b926011f4a7aafbafe6a93" type="org.openqa.selenium.NoSuchElementException"><![CDATA[org.openqa.selenium.NoSuchElementException: 
no such element: Unable to locate element: {"method":"xpath","selector":"//*[contains(text(),'Entrada válida (10 chars)')]"}
  (Session info: chrome=137.0.7151.120)
For documentation on this error, please visit: https://www.selenium.dev/documentation/webdriver/troubleshooting/errors#no-such-element-exception
Build info: version: '4.20.0', revision: '866c76ca80'
System info: os.name: 'Windows 11', os.arch: 'amd64', os.version: '10.0', java.version: '21.0.7'
Driver info: org.openqa.selenium.chrome.ChromeDriver
Command: [49715616e8b926011f4a7aafbafe6a93, findElement {using=xpath, value=//*[contains(text(),'Entrada válida (10 chars)')]}]
Capabilities {acceptInsecureCerts: false, browserName: chrome, browserVersion: 137.0.7151.120, chrome: {chromedriverVersion: 137.0.7151.119 (e0ac9d12dff..., userDataDir: C:\Users\hecto\AppData\Loca...}, fedcm:accounts: true, goog:chromeOptions: {debuggerAddress: localhost:52360}, networkConnectionEnabled: false, pageLoadStrategy: normal, platformName: windows, proxy: Proxy(), se:cdp: ws://localhost:52360/devtoo..., se:cdpVersion: 137.0.7151.120, setWindowRect: true, strictFileInteractability: false, timeouts: {implicit: 0, pageLoad: 300000, script: 30000}, unhandledPromptBehavior: dismiss and notify, webauthn:extension:credBlob: true, webauthn:extension:largeBlob: true, webauthn:extension:minPinLength: true, webauthn:extension:prf: true, webauthn:virtualAuthenticators: true}
Session ID: 49715616e8b926011f4a7aafbafe6a93
	at java.base/jdk.internal.reflect.DirectConstructorHandleAccessor.newInstance(DirectConstructorHandleAccessor.java:62)
	at java.base/java.lang.reflect.Constructor.newInstanceWithCaller(Constructor.java:502)
	at java.base/java.lang.reflect.Constructor.newInstance(Constructor.java:486)
	at org.openqa.selenium.remote.ErrorCodec.decode(ErrorCodec.java:167)
	at org.openqa.selenium.remote.codec.w3c.W3CHttpResponseCodec.decode(W3CHttpResponseCodec.java:138)
	at org.openqa.selenium.remote.codec.w3c.W3CHttpResponseCodec.decode(W3CHttpResponseCodec.java:50)
	at org.openqa.selenium.remote.HttpCommandExecutor.execute(HttpCommandExecutor.java:190)
	at org.openqa.selenium.remote.service.DriverCommandExecutor.invokeExecute(DriverCommandExecutor.java:216)
	at org.openqa.selenium.remote.service.DriverCommandExecutor.execute(DriverCommandExecutor.java:174)
	at org.openqa.selenium.remote.RemoteWebDriver.execute(RemoteWebDriver.java:518)
	at org.openqa.selenium.remote.ElementLocation$ElementFinder$2.findElement(ElementLocation.java:165)
	at org.openqa.selenium.remote.ElementLocation.findElement(ElementLocation.java:59)
	at org.openqa.selenium.remote.RemoteWebDriver.findElement(RemoteWebDriver.java:355)
	at org.openqa.selenium.remote.RemoteWebDriver.findElement(RemoteWebDriver.java:349)
	at steps.StepsLoginQuotes.deberia_ver_el_mensaje(StepsLoginQuotes.java:76)
	at ✽.debería ver el mensaje de error "Entrada válida (10 chars)"(file:///C:/Users/hecto/Downloads/Entrevista/QuotesProject/src/test/resources/features/LoginQuotes.feature:55)
]]></error>
    <system-out><![CDATA[
@limite
Scenario Outline: TC_LOGIN_6 - Validación de distintas entradas límites al login # src/test/resources/features/LoginQuotes.feature:64
14:21:46.060 [main] DEBUG io.github.bonigarcia.wdm.WebDriverManager -- Using WebDriverManager 5.8.0
14:21:46.071 [main] DEBUG io.github.bonigarcia.wdm.cache.ResolutionCache -- Resolution chrome=137 in cache (valid until 15:01:43 04/07/2025 COT)
14:21:46.072 [main] DEBUG io.github.bonigarcia.wdm.cache.ResolutionCache -- Resolution chrome137=137.0.7151.119 in cache (valid until 21:56:58 04/07/2025 COT)
14:21:46.072 [main] INFO io.github.bonigarcia.wdm.WebDriverManager -- Using chromedriver 137.0.7151.119 (resolved driver for Chrome 137)
14:21:46.077 [main] DEBUG io.github.bonigarcia.wdm.WebDriverManager -- Driver chromedriver 137.0.7151.119 found in cache
14:21:46.077 [main] INFO io.github.bonigarcia.wdm.WebDriverManager -- Exporting webdriver.chrome.driver as C:\Users\hecto\.cache\selenium\chromedriver\win64\137.0.7151.119\chromedriver.exe
14:21:46.675 [main] INFO steps.StepsLoginQuotes -- Se configuró e navegador correctamente: chrome
14:21:47.429 [main] INFO steps.StepsLoginQuotes -- Me encuentro en la página principal
  Given estoy en la página principal                                             # steps.StepsLoginQuotes.estoy_en_la_pagina_principal()
  When hago clic en el link "Login"                                              # steps.StepsLoginQuotes.hago_clic_en_el_link_logout(java.lang.String)
14:21:47.743 [main] DEBUG steps.StepsLoginQuotes -- Ingresando credenciales parametrizadas en el feature : aaaaaaaaaa y aaaaaaaaaa
  And ingreso el usuario "aaaaaaaaaa" y la contraseña "aaaaaaaaaa"               # steps.StepsLoginQuotes.ingreso_usuario_y_contrasena(java.lang.String,java.lang.String)
  And hago clic en el botón de login                                             # steps.StepsLoginQuotes.hago_clic_en_boton_login()
  Then debería ver el mensaje de error "Entrada válida (10 chars)"               # steps.StepsLoginQuotes.deberia_ver_el_mensaje(java.lang.String)
      org.openqa.selenium.NoSuchElementException: no such element: Unable to locate element: {"method":"xpath","selector":"//*[contains(text(),'Entrada válida (10 chars)')]"}
  (Session info: chrome=137.0.7151.120)
For documentation on this error, please visit: https://www.selenium.dev/documentation/webdriver/troubleshooting/errors#no-such-element-exception
Build info: version: '4.20.0', revision: '866c76ca80'
System info: os.name: 'Windows 11', os.arch: 'amd64', os.version: '10.0', java.version: '21.0.7'
Driver info: org.openqa.selenium.chrome.ChromeDriver
Command: [49715616e8b926011f4a7aafbafe6a93, findElement {using=xpath, value=//*[contains(text(),'Entrada válida (10 chars)')]}]
Capabilities {acceptInsecureCerts: false, browserName: chrome, browserVersion: 137.0.7151.120, chrome: {chromedriverVersion: 137.0.7151.119 (e0ac9d12dff..., userDataDir: C:\Users\hecto\AppData\Loca...}, fedcm:accounts: true, goog:chromeOptions: {debuggerAddress: localhost:52360}, networkConnectionEnabled: false, pageLoadStrategy: normal, platformName: windows, proxy: Proxy(), se:cdp: ws://localhost:52360/devtoo..., se:cdpVersion: 137.0.7151.120, setWindowRect: true, strictFileInteractability: false, timeouts: {implicit: 0, pageLoad: 300000, script: 30000}, unhandledPromptBehavior: dismiss and notify, webauthn:extension:credBlob: true, webauthn:extension:largeBlob: true, webauthn:extension:minPinLength: true, webauthn:extension:prf: true, webauthn:virtualAuthenticators: true}
Session ID: 49715616e8b926011f4a7aafbafe6a93
	at java.base/jdk.internal.reflect.DirectConstructorHandleAccessor.newInstance(DirectConstructorHandleAccessor.java:62)
	at java.base/java.lang.reflect.Constructor.newInstanceWithCaller(Constructor.java:502)
	at java.base/java.lang.reflect.Constructor.newInstance(Constructor.java:486)
	at org.openqa.selenium.remote.ErrorCodec.decode(ErrorCodec.java:167)
	at org.openqa.selenium.remote.codec.w3c.W3CHttpResponseCodec.decode(W3CHttpResponseCodec.java:138)
	at org.openqa.selenium.remote.codec.w3c.W3CHttpResponseCodec.decode(W3CHttpResponseCodec.java:50)
	at org.openqa.selenium.remote.HttpCommandExecutor.execute(HttpCommandExecutor.java:190)
	at org.openqa.selenium.remote.service.DriverCommandExecutor.invokeExecute(DriverCommandExecutor.java:216)
	at org.openqa.selenium.remote.service.DriverCommandExecutor.execute(DriverCommandExecutor.java:174)
	at org.openqa.selenium.remote.RemoteWebDriver.execute(RemoteWebDriver.java:518)
	at org.openqa.selenium.remote.ElementLocation$ElementFinder$2.findElement(ElementLocation.java:165)
	at org.openqa.selenium.remote.ElementLocation.findElement(ElementLocation.java:59)
	at org.openqa.selenium.remote.RemoteWebDriver.findElement(RemoteWebDriver.java:355)
	at org.openqa.selenium.remote.RemoteWebDriver.findElement(RemoteWebDriver.java:349)
	at steps.StepsLoginQuotes.deberia_ver_el_mensaje(StepsLoginQuotes.java:76)
	at ✽.debería ver el mensaje de error "Entrada válida (10 chars)"(file:///C:/Users/hecto/Downloads/Entrevista/QuotesProject/src/test/resources/features/LoginQuotes.feature:55)

]]></system-out>
    <system-err><![CDATA[Jul 04, 2025 2:21:46 PM org.openqa.selenium.devtools.CdpVersionFinder findNearestMatch
WARNING: Unable to find CDP implementation matching 137
Jul 04, 2025 2:21:46 PM org.openqa.selenium.chromium.ChromiumDriver lambda$new$5
WARNING: Unable to find version of CDP to use for 137.0.7151.120. You may need to include a dependency on a specific version of the CDP using something similar to `org.seleniumhq.selenium:selenium-devtools-v86:4.20.0` where the version ("v86") matches the version of the chromium-based browser you're using and the version number of the artifact is the same as Selenium's.
]]></system-err>
  </testcase>
  <testcase name="TC_LOGIN_6 - Validación de distintas entradas límites al login #6" classname="Login Quotes" time="4.38">
    <error message="no such element: Unable to locate element: {&quot;method&quot;:&quot;xpath&quot;,&quot;selector&quot;:&quot;//*[contains(text(),&apos;Máximo válido&apos;)]&quot;}&#10;  (Session info: chrome=137.0.7151.120)&#10;For documentation on this error, please visit: https://www.selenium.dev/documentation/webdriver/troubleshooting/errors#no-such-element-exception&#10;Build info: version: &apos;4.20.0&apos;, revision: &apos;866c76ca80&apos;&#10;System info: os.name: &apos;Windows 11&apos;, os.arch: &apos;amd64&apos;, os.version: &apos;10.0&apos;, java.version: &apos;21.0.7&apos;&#10;Driver info: org.openqa.selenium.chrome.ChromeDriver&#10;Command: [5ebd0ea3bd7542a924e5d4c84e8da568, findElement {using=xpath, value=//*[contains(text(),&apos;Máximo válido&apos;)]}]&#10;Capabilities {acceptInsecureCerts: false, browserName: chrome, browserVersion: 137.0.7151.120, chrome: {chromedriverVersion: 137.0.7151.119 (e0ac9d12dff..., userDataDir: C:\Users\hecto\AppData\Loca...}, fedcm:accounts: true, goog:chromeOptions: {debuggerAddress: localhost:52448}, networkConnectionEnabled: false, pageLoadStrategy: normal, platformName: windows, proxy: Proxy(), se:cdp: ws://localhost:52448/devtoo..., se:cdpVersion: 137.0.7151.120, setWindowRect: true, strictFileInteractability: false, timeouts: {implicit: 0, pageLoad: 300000, script: 30000}, unhandledPromptBehavior: dismiss and notify, webauthn:extension:credBlob: true, webauthn:extension:largeBlob: true, webauthn:extension:minPinLength: true, webauthn:extension:prf: true, webauthn:virtualAuthenticators: true}&#10;Session ID: 5ebd0ea3bd7542a924e5d4c84e8da568" type="org.openqa.selenium.NoSuchElementException"><![CDATA[org.openqa.selenium.NoSuchElementException: 
no such element: Unable to locate element: {"method":"xpath","selector":"//*[contains(text(),'Máximo válido')]"}
  (Session info: chrome=137.0.7151.120)
For documentation on this error, please visit: https://www.selenium.dev/documentation/webdriver/troubleshooting/errors#no-such-element-exception
Build info: version: '4.20.0', revision: '866c76ca80'
System info: os.name: 'Windows 11', os.arch: 'amd64', os.version: '10.0', java.version: '21.0.7'
Driver info: org.openqa.selenium.chrome.ChromeDriver
Command: [5ebd0ea3bd7542a924e5d4c84e8da568, findElement {using=xpath, value=//*[contains(text(),'Máximo válido')]}]
Capabilities {acceptInsecureCerts: false, browserName: chrome, browserVersion: 137.0.7151.120, chrome: {chromedriverVersion: 137.0.7151.119 (e0ac9d12dff..., userDataDir: C:\Users\hecto\AppData\Loca...}, fedcm:accounts: true, goog:chromeOptions: {debuggerAddress: localhost:52448}, networkConnectionEnabled: false, pageLoadStrategy: normal, platformName: windows, proxy: Proxy(), se:cdp: ws://localhost:52448/devtoo..., se:cdpVersion: 137.0.7151.120, setWindowRect: true, strictFileInteractability: false, timeouts: {implicit: 0, pageLoad: 300000, script: 30000}, unhandledPromptBehavior: dismiss and notify, webauthn:extension:credBlob: true, webauthn:extension:largeBlob: true, webauthn:extension:minPinLength: true, webauthn:extension:prf: true, webauthn:virtualAuthenticators: true}
Session ID: 5ebd0ea3bd7542a924e5d4c84e8da568
	at java.base/jdk.internal.reflect.DirectConstructorHandleAccessor.newInstance(DirectConstructorHandleAccessor.java:62)
	at java.base/java.lang.reflect.Constructor.newInstanceWithCaller(Constructor.java:502)
	at java.base/java.lang.reflect.Constructor.newInstance(Constructor.java:486)
	at org.openqa.selenium.remote.ErrorCodec.decode(ErrorCodec.java:167)
	at org.openqa.selenium.remote.codec.w3c.W3CHttpResponseCodec.decode(W3CHttpResponseCodec.java:138)
	at org.openqa.selenium.remote.codec.w3c.W3CHttpResponseCodec.decode(W3CHttpResponseCodec.java:50)
	at org.openqa.selenium.remote.HttpCommandExecutor.execute(HttpCommandExecutor.java:190)
	at org.openqa.selenium.remote.service.DriverCommandExecutor.invokeExecute(DriverCommandExecutor.java:216)
	at org.openqa.selenium.remote.service.DriverCommandExecutor.execute(DriverCommandExecutor.java:174)
	at org.openqa.selenium.remote.RemoteWebDriver.execute(RemoteWebDriver.java:518)
	at org.openqa.selenium.remote.ElementLocation$ElementFinder$2.findElement(ElementLocation.java:165)
	at org.openqa.selenium.remote.ElementLocation.findElement(ElementLocation.java:59)
	at org.openqa.selenium.remote.RemoteWebDriver.findElement(RemoteWebDriver.java:355)
	at org.openqa.selenium.remote.RemoteWebDriver.findElement(RemoteWebDriver.java:349)
	at steps.StepsLoginQuotes.deberia_ver_el_mensaje(StepsLoginQuotes.java:76)
	at ✽.debería ver el mensaje de error "Máximo válido"(file:///C:/Users/hecto/Downloads/Entrevista/QuotesProject/src/test/resources/features/LoginQuotes.feature:55)
]]></error>
    <system-out><![CDATA[
@limite
Scenario Outline: TC_LOGIN_6 - Validación de distintas entradas límites al login # src/test/resources/features/LoginQuotes.feature:65
14:21:50.468 [main] DEBUG io.github.bonigarcia.wdm.WebDriverManager -- Using WebDriverManager 5.8.0
14:21:50.477 [main] DEBUG io.github.bonigarcia.wdm.cache.ResolutionCache -- Resolution chrome=137 in cache (valid until 15:01:43 04/07/2025 COT)
14:21:50.477 [main] DEBUG io.github.bonigarcia.wdm.cache.ResolutionCache -- Resolution chrome137=137.0.7151.119 in cache (valid until 21:56:58 04/07/2025 COT)
14:21:50.477 [main] INFO io.github.bonigarcia.wdm.WebDriverManager -- Using chromedriver 137.0.7151.119 (resolved driver for Chrome 137)
14:21:50.486 [main] DEBUG io.github.bonigarcia.wdm.WebDriverManager -- Driver chromedriver 137.0.7151.119 found in cache
14:21:50.486 [main] INFO io.github.bonigarcia.wdm.WebDriverManager -- Exporting webdriver.chrome.driver as C:\Users\hecto\.cache\selenium\chromedriver\win64\137.0.7151.119\chromedriver.exe
14:21:51.062 [main] INFO steps.StepsLoginQuotes -- Se configuró e navegador correctamente: chrome
14:21:51.802 [main] INFO steps.StepsLoginQuotes -- Me encuentro en la página principal
  Given estoy en la página principal                                             # steps.StepsLoginQuotes.estoy_en_la_pagina_principal()
  When hago clic en el link "Login"                                              # steps.StepsLoginQuotes.hago_clic_en_el_link_logout(java.lang.String)
14:21:52.083 [main] DEBUG steps.StepsLoginQuotes -- Ingresando credenciales parametrizadas en el feature : a...a (255 chars) y a...a (255 chars)
  And ingreso el usuario "a...a (255 chars)" y la contraseña "a...a (255 chars)" # steps.StepsLoginQuotes.ingreso_usuario_y_contrasena(java.lang.String,java.lang.String)
  And hago clic en el botón de login                                             # steps.StepsLoginQuotes.hago_clic_en_boton_login()
  Then debería ver el mensaje de error "Máximo válido"                           # steps.StepsLoginQuotes.deberia_ver_el_mensaje(java.lang.String)
      org.openqa.selenium.NoSuchElementException: no such element: Unable to locate element: {"method":"xpath","selector":"//*[contains(text(),'Máximo válido')]"}
  (Session info: chrome=137.0.7151.120)
For documentation on this error, please visit: https://www.selenium.dev/documentation/webdriver/troubleshooting/errors#no-such-element-exception
Build info: version: '4.20.0', revision: '866c76ca80'
System info: os.name: 'Windows 11', os.arch: 'amd64', os.version: '10.0', java.version: '21.0.7'
Driver info: org.openqa.selenium.chrome.ChromeDriver
Command: [5ebd0ea3bd7542a924e5d4c84e8da568, findElement {using=xpath, value=//*[contains(text(),'Máximo válido')]}]
Capabilities {acceptInsecureCerts: false, browserName: chrome, browserVersion: 137.0.7151.120, chrome: {chromedriverVersion: 137.0.7151.119 (e0ac9d12dff..., userDataDir: C:\Users\hecto\AppData\Loca...}, fedcm:accounts: true, goog:chromeOptions: {debuggerAddress: localhost:52448}, networkConnectionEnabled: false, pageLoadStrategy: normal, platformName: windows, proxy: Proxy(), se:cdp: ws://localhost:52448/devtoo..., se:cdpVersion: 137.0.7151.120, setWindowRect: true, strictFileInteractability: false, timeouts: {implicit: 0, pageLoad: 300000, script: 30000}, unhandledPromptBehavior: dismiss and notify, webauthn:extension:credBlob: true, webauthn:extension:largeBlob: true, webauthn:extension:minPinLength: true, webauthn:extension:prf: true, webauthn:virtualAuthenticators: true}
Session ID: 5ebd0ea3bd7542a924e5d4c84e8da568
	at java.base/jdk.internal.reflect.DirectConstructorHandleAccessor.newInstance(DirectConstructorHandleAccessor.java:62)
	at java.base/java.lang.reflect.Constructor.newInstanceWithCaller(Constructor.java:502)
	at java.base/java.lang.reflect.Constructor.newInstance(Constructor.java:486)
	at org.openqa.selenium.remote.ErrorCodec.decode(ErrorCodec.java:167)
	at org.openqa.selenium.remote.codec.w3c.W3CHttpResponseCodec.decode(W3CHttpResponseCodec.java:138)
	at org.openqa.selenium.remote.codec.w3c.W3CHttpResponseCodec.decode(W3CHttpResponseCodec.java:50)
	at org.openqa.selenium.remote.HttpCommandExecutor.execute(HttpCommandExecutor.java:190)
	at org.openqa.selenium.remote.service.DriverCommandExecutor.invokeExecute(DriverCommandExecutor.java:216)
	at org.openqa.selenium.remote.service.DriverCommandExecutor.execute(DriverCommandExecutor.java:174)
	at org.openqa.selenium.remote.RemoteWebDriver.execute(RemoteWebDriver.java:518)
	at org.openqa.selenium.remote.ElementLocation$ElementFinder$2.findElement(ElementLocation.java:165)
	at org.openqa.selenium.remote.ElementLocation.findElement(ElementLocation.java:59)
	at org.openqa.selenium.remote.RemoteWebDriver.findElement(RemoteWebDriver.java:355)
	at org.openqa.selenium.remote.RemoteWebDriver.findElement(RemoteWebDriver.java:349)
	at steps.StepsLoginQuotes.deberia_ver_el_mensaje(StepsLoginQuotes.java:76)
	at ✽.debería ver el mensaje de error "Máximo válido"(file:///C:/Users/hecto/Downloads/Entrevista/QuotesProject/src/test/resources/features/LoginQuotes.feature:55)

]]></system-out>
    <system-err><![CDATA[Jul 04, 2025 2:21:51 PM org.openqa.selenium.devtools.CdpVersionFinder findNearestMatch
WARNING: Unable to find CDP implementation matching 137
Jul 04, 2025 2:21:51 PM org.openqa.selenium.chromium.ChromiumDriver lambda$new$5
WARNING: Unable to find version of CDP to use for 137.0.7151.120. You may need to include a dependency on a specific version of the CDP using something similar to `org.seleniumhq.selenium:selenium-devtools-v86:4.20.0` where the version ("v86") matches the version of the chromium-based browser you're using and the version number of the artifact is the same as Selenium's.
]]></system-err>
  </testcase>
  <testcase name="TC_LOGIN_6 - Validación de distintas entradas límites al login #7" classname="Login Quotes" time="4.636">
    <error message="no such element: Unable to locate element: {&quot;method&quot;:&quot;xpath&quot;,&quot;selector&quot;:&quot;//*[contains(text(),&apos;Exceso (límite +1)&apos;)]&quot;}&#10;  (Session info: chrome=137.0.7151.120)&#10;For documentation on this error, please visit: https://www.selenium.dev/documentation/webdriver/troubleshooting/errors#no-such-element-exception&#10;Build info: version: &apos;4.20.0&apos;, revision: &apos;866c76ca80&apos;&#10;System info: os.name: &apos;Windows 11&apos;, os.arch: &apos;amd64&apos;, os.version: &apos;10.0&apos;, java.version: &apos;21.0.7&apos;&#10;Driver info: org.openqa.selenium.chrome.ChromeDriver&#10;Command: [faca84e811ee59faeb0365f5a443c598, findElement {using=xpath, value=//*[contains(text(),&apos;Exceso (límite +1)&apos;)]}]&#10;Capabilities {acceptInsecureCerts: false, browserName: chrome, browserVersion: 137.0.7151.120, chrome: {chromedriverVersion: 137.0.7151.119 (e0ac9d12dff..., userDataDir: C:\Users\hecto\AppData\Loca...}, fedcm:accounts: true, goog:chromeOptions: {debuggerAddress: localhost:52560}, networkConnectionEnabled: false, pageLoadStrategy: normal, platformName: windows, proxy: Proxy(), se:cdp: ws://localhost:52560/devtoo..., se:cdpVersion: 137.0.7151.120, setWindowRect: true, strictFileInteractability: false, timeouts: {implicit: 0, pageLoad: 300000, script: 30000}, unhandledPromptBehavior: dismiss and notify, webauthn:extension:credBlob: true, webauthn:extension:largeBlob: true, webauthn:extension:minPinLength: true, webauthn:extension:prf: true, webauthn:virtualAuthenticators: true}&#10;Session ID: faca84e811ee59faeb0365f5a443c598" type="org.openqa.selenium.NoSuchElementException"><![CDATA[org.openqa.selenium.NoSuchElementException: 
no such element: Unable to locate element: {"method":"xpath","selector":"//*[contains(text(),'Exceso (límite +1)')]"}
  (Session info: chrome=137.0.7151.120)
For documentation on this error, please visit: https://www.selenium.dev/documentation/webdriver/troubleshooting/errors#no-such-element-exception
Build info: version: '4.20.0', revision: '866c76ca80'
System info: os.name: 'Windows 11', os.arch: 'amd64', os.version: '10.0', java.version: '21.0.7'
Driver info: org.openqa.selenium.chrome.ChromeDriver
Command: [faca84e811ee59faeb0365f5a443c598, findElement {using=xpath, value=//*[contains(text(),'Exceso (límite +1)')]}]
Capabilities {acceptInsecureCerts: false, browserName: chrome, browserVersion: 137.0.7151.120, chrome: {chromedriverVersion: 137.0.7151.119 (e0ac9d12dff..., userDataDir: C:\Users\hecto\AppData\Loca...}, fedcm:accounts: true, goog:chromeOptions: {debuggerAddress: localhost:52560}, networkConnectionEnabled: false, pageLoadStrategy: normal, platformName: windows, proxy: Proxy(), se:cdp: ws://localhost:52560/devtoo..., se:cdpVersion: 137.0.7151.120, setWindowRect: true, strictFileInteractability: false, timeouts: {implicit: 0, pageLoad: 300000, script: 30000}, unhandledPromptBehavior: dismiss and notify, webauthn:extension:credBlob: true, webauthn:extension:largeBlob: true, webauthn:extension:minPinLength: true, webauthn:extension:prf: true, webauthn:virtualAuthenticators: true}
Session ID: faca84e811ee59faeb0365f5a443c598
	at java.base/jdk.internal.reflect.DirectConstructorHandleAccessor.newInstance(DirectConstructorHandleAccessor.java:62)
	at java.base/java.lang.reflect.Constructor.newInstanceWithCaller(Constructor.java:502)
	at java.base/java.lang.reflect.Constructor.newInstance(Constructor.java:486)
	at org.openqa.selenium.remote.ErrorCodec.decode(ErrorCodec.java:167)
	at org.openqa.selenium.remote.codec.w3c.W3CHttpResponseCodec.decode(W3CHttpResponseCodec.java:138)
	at org.openqa.selenium.remote.codec.w3c.W3CHttpResponseCodec.decode(W3CHttpResponseCodec.java:50)
	at org.openqa.selenium.remote.HttpCommandExecutor.execute(HttpCommandExecutor.java:190)
	at org.openqa.selenium.remote.service.DriverCommandExecutor.invokeExecute(DriverCommandExecutor.java:216)
	at org.openqa.selenium.remote.service.DriverCommandExecutor.execute(DriverCommandExecutor.java:174)
	at org.openqa.selenium.remote.RemoteWebDriver.execute(RemoteWebDriver.java:518)
	at org.openqa.selenium.remote.ElementLocation$ElementFinder$2.findElement(ElementLocation.java:165)
	at org.openqa.selenium.remote.ElementLocation.findElement(ElementLocation.java:59)
	at org.openqa.selenium.remote.RemoteWebDriver.findElement(RemoteWebDriver.java:355)
	at org.openqa.selenium.remote.RemoteWebDriver.findElement(RemoteWebDriver.java:349)
	at steps.StepsLoginQuotes.deberia_ver_el_mensaje(StepsLoginQuotes.java:76)
	at ✽.debería ver el mensaje de error "Exceso (límite +1)"(file:///C:/Users/hecto/Downloads/Entrevista/QuotesProject/src/test/resources/features/LoginQuotes.feature:55)
]]></error>
    <system-out><![CDATA[
@limite
Scenario Outline: TC_LOGIN_6 - Validación de distintas entradas límites al login # src/test/resources/features/LoginQuotes.feature:66
14:21:54.855 [main] DEBUG io.github.bonigarcia.wdm.WebDriverManager -- Using WebDriverManager 5.8.0
14:21:54.860 [main] DEBUG io.github.bonigarcia.wdm.cache.ResolutionCache -- Resolution chrome=137 in cache (valid until 15:01:43 04/07/2025 COT)
14:21:54.861 [main] DEBUG io.github.bonigarcia.wdm.cache.ResolutionCache -- Resolution chrome137=137.0.7151.119 in cache (valid until 21:56:58 04/07/2025 COT)
14:21:54.861 [main] INFO io.github.bonigarcia.wdm.WebDriverManager -- Using chromedriver 137.0.7151.119 (resolved driver for Chrome 137)
14:21:54.868 [main] DEBUG io.github.bonigarcia.wdm.WebDriverManager -- Driver chromedriver 137.0.7151.119 found in cache
14:21:54.868 [main] INFO io.github.bonigarcia.wdm.WebDriverManager -- Exporting webdriver.chrome.driver as C:\Users\hecto\.cache\selenium\chromedriver\win64\137.0.7151.119\chromedriver.exe
14:21:55.563 [main] INFO steps.StepsLoginQuotes -- Se configuró e navegador correctamente: chrome
14:21:56.513 [main] INFO steps.StepsLoginQuotes -- Me encuentro en la página principal
  Given estoy en la página principal                                             # steps.StepsLoginQuotes.estoy_en_la_pagina_principal()
  When hago clic en el link "Login"                                              # steps.StepsLoginQuotes.hago_clic_en_el_link_logout(java.lang.String)
14:21:56.778 [main] DEBUG steps.StepsLoginQuotes -- Ingresando credenciales parametrizadas en el feature : a...a (256 chars) y a...a (256 chars)
  And ingreso el usuario "a...a (256 chars)" y la contraseña "a...a (256 chars)" # steps.StepsLoginQuotes.ingreso_usuario_y_contrasena(java.lang.String,java.lang.String)
  And hago clic en el botón de login                                             # steps.StepsLoginQuotes.hago_clic_en_boton_login()
  Then debería ver el mensaje de error "Exceso (límite +1)"                      # steps.StepsLoginQuotes.deberia_ver_el_mensaje(java.lang.String)
      org.openqa.selenium.NoSuchElementException: no such element: Unable to locate element: {"method":"xpath","selector":"//*[contains(text(),'Exceso (límite +1)')]"}
  (Session info: chrome=137.0.7151.120)
For documentation on this error, please visit: https://www.selenium.dev/documentation/webdriver/troubleshooting/errors#no-such-element-exception
Build info: version: '4.20.0', revision: '866c76ca80'
System info: os.name: 'Windows 11', os.arch: 'amd64', os.version: '10.0', java.version: '21.0.7'
Driver info: org.openqa.selenium.chrome.ChromeDriver
Command: [faca84e811ee59faeb0365f5a443c598, findElement {using=xpath, value=//*[contains(text(),'Exceso (límite +1)')]}]
Capabilities {acceptInsecureCerts: false, browserName: chrome, browserVersion: 137.0.7151.120, chrome: {chromedriverVersion: 137.0.7151.119 (e0ac9d12dff..., userDataDir: C:\Users\hecto\AppData\Loca...}, fedcm:accounts: true, goog:chromeOptions: {debuggerAddress: localhost:52560}, networkConnectionEnabled: false, pageLoadStrategy: normal, platformName: windows, proxy: Proxy(), se:cdp: ws://localhost:52560/devtoo..., se:cdpVersion: 137.0.7151.120, setWindowRect: true, strictFileInteractability: false, timeouts: {implicit: 0, pageLoad: 300000, script: 30000}, unhandledPromptBehavior: dismiss and notify, webauthn:extension:credBlob: true, webauthn:extension:largeBlob: true, webauthn:extension:minPinLength: true, webauthn:extension:prf: true, webauthn:virtualAuthenticators: true}
Session ID: faca84e811ee59faeb0365f5a443c598
	at java.base/jdk.internal.reflect.DirectConstructorHandleAccessor.newInstance(DirectConstructorHandleAccessor.java:62)
	at java.base/java.lang.reflect.Constructor.newInstanceWithCaller(Constructor.java:502)
	at java.base/java.lang.reflect.Constructor.newInstance(Constructor.java:486)
	at org.openqa.selenium.remote.ErrorCodec.decode(ErrorCodec.java:167)
	at org.openqa.selenium.remote.codec.w3c.W3CHttpResponseCodec.decode(W3CHttpResponseCodec.java:138)
	at org.openqa.selenium.remote.codec.w3c.W3CHttpResponseCodec.decode(W3CHttpResponseCodec.java:50)
	at org.openqa.selenium.remote.HttpCommandExecutor.execute(HttpCommandExecutor.java:190)
	at org.openqa.selenium.remote.service.DriverCommandExecutor.invokeExecute(DriverCommandExecutor.java:216)
	at org.openqa.selenium.remote.service.DriverCommandExecutor.execute(DriverCommandExecutor.java:174)
	at org.openqa.selenium.remote.RemoteWebDriver.execute(RemoteWebDriver.java:518)
	at org.openqa.selenium.remote.ElementLocation$ElementFinder$2.findElement(ElementLocation.java:165)
	at org.openqa.selenium.remote.ElementLocation.findElement(ElementLocation.java:59)
	at org.openqa.selenium.remote.RemoteWebDriver.findElement(RemoteWebDriver.java:355)
	at org.openqa.selenium.remote.RemoteWebDriver.findElement(RemoteWebDriver.java:349)
	at steps.StepsLoginQuotes.deberia_ver_el_mensaje(StepsLoginQuotes.java:76)
	at ✽.debería ver el mensaje de error "Exceso (límite +1)"(file:///C:/Users/hecto/Downloads/Entrevista/QuotesProject/src/test/resources/features/LoginQuotes.feature:55)

]]></system-out>
    <system-err><![CDATA[Jul 04, 2025 2:21:55 PM org.openqa.selenium.devtools.CdpVersionFinder findNearestMatch
WARNING: Unable to find CDP implementation matching 137
Jul 04, 2025 2:21:55 PM org.openqa.selenium.chromium.ChromiumDriver lambda$new$5
WARNING: Unable to find version of CDP to use for 137.0.7151.120. You may need to include a dependency on a specific version of the CDP using something similar to `org.seleniumhq.selenium:selenium-devtools-v86:4.20.0` where the version ("v86") matches the version of the chromium-based browser you're using and the version number of the artifact is the same as Selenium's.
]]></system-err>
  </testcase>
  <testcase name="TC_LOGIN_6 - Validación de distintas entradas límites al login #8" classname="Login Quotes" time="4.429">
    <error message="no such element: Unable to locate element: {&quot;method&quot;:&quot;xpath&quot;,&quot;selector&quot;:&quot;//*[contains(text(),&apos;Inyección SQL&apos;)]&quot;}&#10;  (Session info: chrome=137.0.7151.120)&#10;For documentation on this error, please visit: https://www.selenium.dev/documentation/webdriver/troubleshooting/errors#no-such-element-exception&#10;Build info: version: &apos;4.20.0&apos;, revision: &apos;866c76ca80&apos;&#10;System info: os.name: &apos;Windows 11&apos;, os.arch: &apos;amd64&apos;, os.version: &apos;10.0&apos;, java.version: &apos;21.0.7&apos;&#10;Driver info: org.openqa.selenium.chrome.ChromeDriver&#10;Command: [dafb08bba52d436c52c11f66f5a31374, findElement {using=xpath, value=//*[contains(text(),&apos;Inyección SQL&apos;)]}]&#10;Capabilities {acceptInsecureCerts: false, browserName: chrome, browserVersion: 137.0.7151.120, chrome: {chromedriverVersion: 137.0.7151.119 (e0ac9d12dff..., userDataDir: C:\Users\hecto\AppData\Loca...}, fedcm:accounts: true, goog:chromeOptions: {debuggerAddress: localhost:52654}, networkConnectionEnabled: false, pageLoadStrategy: normal, platformName: windows, proxy: Proxy(), se:cdp: ws://localhost:52654/devtoo..., se:cdpVersion: 137.0.7151.120, setWindowRect: true, strictFileInteractability: false, timeouts: {implicit: 0, pageLoad: 300000, script: 30000}, unhandledPromptBehavior: dismiss and notify, webauthn:extension:credBlob: true, webauthn:extension:largeBlob: true, webauthn:extension:minPinLength: true, webauthn:extension:prf: true, webauthn:virtualAuthenticators: true}&#10;Session ID: dafb08bba52d436c52c11f66f5a31374" type="org.openqa.selenium.NoSuchElementException"><![CDATA[org.openqa.selenium.NoSuchElementException: 
no such element: Unable to locate element: {"method":"xpath","selector":"//*[contains(text(),'Inyección SQL')]"}
  (Session info: chrome=137.0.7151.120)
For documentation on this error, please visit: https://www.selenium.dev/documentation/webdriver/troubleshooting/errors#no-such-element-exception
Build info: version: '4.20.0', revision: '866c76ca80'
System info: os.name: 'Windows 11', os.arch: 'amd64', os.version: '10.0', java.version: '21.0.7'
Driver info: org.openqa.selenium.chrome.ChromeDriver
Command: [dafb08bba52d436c52c11f66f5a31374, findElement {using=xpath, value=//*[contains(text(),'Inyección SQL')]}]
Capabilities {acceptInsecureCerts: false, browserName: chrome, browserVersion: 137.0.7151.120, chrome: {chromedriverVersion: 137.0.7151.119 (e0ac9d12dff..., userDataDir: C:\Users\hecto\AppData\Loca...}, fedcm:accounts: true, goog:chromeOptions: {debuggerAddress: localhost:52654}, networkConnectionEnabled: false, pageLoadStrategy: normal, platformName: windows, proxy: Proxy(), se:cdp: ws://localhost:52654/devtoo..., se:cdpVersion: 137.0.7151.120, setWindowRect: true, strictFileInteractability: false, timeouts: {implicit: 0, pageLoad: 300000, script: 30000}, unhandledPromptBehavior: dismiss and notify, webauthn:extension:credBlob: true, webauthn:extension:largeBlob: true, webauthn:extension:minPinLength: true, webauthn:extension:prf: true, webauthn:virtualAuthenticators: true}
Session ID: dafb08bba52d436c52c11f66f5a31374
	at java.base/jdk.internal.reflect.DirectConstructorHandleAccessor.newInstance(DirectConstructorHandleAccessor.java:62)
	at java.base/java.lang.reflect.Constructor.newInstanceWithCaller(Constructor.java:502)
	at java.base/java.lang.reflect.Constructor.newInstance(Constructor.java:486)
	at org.openqa.selenium.remote.ErrorCodec.decode(ErrorCodec.java:167)
	at org.openqa.selenium.remote.codec.w3c.W3CHttpResponseCodec.decode(W3CHttpResponseCodec.java:138)
	at org.openqa.selenium.remote.codec.w3c.W3CHttpResponseCodec.decode(W3CHttpResponseCodec.java:50)
	at org.openqa.selenium.remote.HttpCommandExecutor.execute(HttpCommandExecutor.java:190)
	at org.openqa.selenium.remote.service.DriverCommandExecutor.invokeExecute(DriverCommandExecutor.java:216)
	at org.openqa.selenium.remote.service.DriverCommandExecutor.execute(DriverCommandExecutor.java:174)
	at org.openqa.selenium.remote.RemoteWebDriver.execute(RemoteWebDriver.java:518)
	at org.openqa.selenium.remote.ElementLocation$ElementFinder$2.findElement(ElementLocation.java:165)
	at org.openqa.selenium.remote.ElementLocation.findElement(ElementLocation.java:59)
	at org.openqa.selenium.remote.RemoteWebDriver.findElement(RemoteWebDriver.java:355)
	at org.openqa.selenium.remote.RemoteWebDriver.findElement(RemoteWebDriver.java:349)
	at steps.StepsLoginQuotes.deberia_ver_el_mensaje(StepsLoginQuotes.java:76)
	at ✽.debería ver el mensaje de error "Inyección SQL"(file:///C:/Users/hecto/Downloads/Entrevista/QuotesProject/src/test/resources/features/LoginQuotes.feature:55)
]]></error>
    <system-out><![CDATA[
@limite
Scenario Outline: TC_LOGIN_6 - Validación de distintas entradas límites al login # src/test/resources/features/LoginQuotes.feature:67
14:21:59.489 [main] DEBUG io.github.bonigarcia.wdm.WebDriverManager -- Using WebDriverManager 5.8.0
14:21:59.498 [main] DEBUG io.github.bonigarcia.wdm.cache.ResolutionCache -- Resolution chrome=137 in cache (valid until 15:01:43 04/07/2025 COT)
14:21:59.499 [main] DEBUG io.github.bonigarcia.wdm.cache.ResolutionCache -- Resolution chrome137=137.0.7151.119 in cache (valid until 21:56:58 04/07/2025 COT)
14:21:59.499 [main] INFO io.github.bonigarcia.wdm.WebDriverManager -- Using chromedriver 137.0.7151.119 (resolved driver for Chrome 137)
14:21:59.507 [main] DEBUG io.github.bonigarcia.wdm.WebDriverManager -- Driver chromedriver 137.0.7151.119 found in cache
14:21:59.507 [main] INFO io.github.bonigarcia.wdm.WebDriverManager -- Exporting webdriver.chrome.driver as C:\Users\hecto\.cache\selenium\chromedriver\win64\137.0.7151.119\chromedriver.exe
14:22:00.113 [main] INFO steps.StepsLoginQuotes -- Se configuró e navegador correctamente: chrome
14:22:00.860 [main] INFO steps.StepsLoginQuotes -- Me encuentro en la página principal
  Given estoy en la página principal                                             # steps.StepsLoginQuotes.estoy_en_la_pagina_principal()
  When hago clic en el link "Login"                                              # steps.StepsLoginQuotes.hago_clic_en_el_link_logout(java.lang.String)
14:22:01.180 [main] DEBUG steps.StepsLoginQuotes -- Ingresando credenciales parametrizadas en el feature : DROP TABLE users;-- y 123456
  And ingreso el usuario "DROP TABLE users;--" y la contraseña "123456"          # steps.StepsLoginQuotes.ingreso_usuario_y_contrasena(java.lang.String,java.lang.String)
  And hago clic en el botón de login                                             # steps.StepsLoginQuotes.hago_clic_en_boton_login()
  Then debería ver el mensaje de error "Inyección SQL"                           # steps.StepsLoginQuotes.deberia_ver_el_mensaje(java.lang.String)
      org.openqa.selenium.NoSuchElementException: no such element: Unable to locate element: {"method":"xpath","selector":"//*[contains(text(),'Inyección SQL')]"}
  (Session info: chrome=137.0.7151.120)
For documentation on this error, please visit: https://www.selenium.dev/documentation/webdriver/troubleshooting/errors#no-such-element-exception
Build info: version: '4.20.0', revision: '866c76ca80'
System info: os.name: 'Windows 11', os.arch: 'amd64', os.version: '10.0', java.version: '21.0.7'
Driver info: org.openqa.selenium.chrome.ChromeDriver
Command: [dafb08bba52d436c52c11f66f5a31374, findElement {using=xpath, value=//*[contains(text(),'Inyección SQL')]}]
Capabilities {acceptInsecureCerts: false, browserName: chrome, browserVersion: 137.0.7151.120, chrome: {chromedriverVersion: 137.0.7151.119 (e0ac9d12dff..., userDataDir: C:\Users\hecto\AppData\Loca...}, fedcm:accounts: true, goog:chromeOptions: {debuggerAddress: localhost:52654}, networkConnectionEnabled: false, pageLoadStrategy: normal, platformName: windows, proxy: Proxy(), se:cdp: ws://localhost:52654/devtoo..., se:cdpVersion: 137.0.7151.120, setWindowRect: true, strictFileInteractability: false, timeouts: {implicit: 0, pageLoad: 300000, script: 30000}, unhandledPromptBehavior: dismiss and notify, webauthn:extension:credBlob: true, webauthn:extension:largeBlob: true, webauthn:extension:minPinLength: true, webauthn:extension:prf: true, webauthn:virtualAuthenticators: true}
Session ID: dafb08bba52d436c52c11f66f5a31374
	at java.base/jdk.internal.reflect.DirectConstructorHandleAccessor.newInstance(DirectConstructorHandleAccessor.java:62)
	at java.base/java.lang.reflect.Constructor.newInstanceWithCaller(Constructor.java:502)
	at java.base/java.lang.reflect.Constructor.newInstance(Constructor.java:486)
	at org.openqa.selenium.remote.ErrorCodec.decode(ErrorCodec.java:167)
	at org.openqa.selenium.remote.codec.w3c.W3CHttpResponseCodec.decode(W3CHttpResponseCodec.java:138)
	at org.openqa.selenium.remote.codec.w3c.W3CHttpResponseCodec.decode(W3CHttpResponseCodec.java:50)
	at org.openqa.selenium.remote.HttpCommandExecutor.execute(HttpCommandExecutor.java:190)
	at org.openqa.selenium.remote.service.DriverCommandExecutor.invokeExecute(DriverCommandExecutor.java:216)
	at org.openqa.selenium.remote.service.DriverCommandExecutor.execute(DriverCommandExecutor.java:174)
	at org.openqa.selenium.remote.RemoteWebDriver.execute(RemoteWebDriver.java:518)
	at org.openqa.selenium.remote.ElementLocation$ElementFinder$2.findElement(ElementLocation.java:165)
	at org.openqa.selenium.remote.ElementLocation.findElement(ElementLocation.java:59)
	at org.openqa.selenium.remote.RemoteWebDriver.findElement(RemoteWebDriver.java:355)
	at org.openqa.selenium.remote.RemoteWebDriver.findElement(RemoteWebDriver.java:349)
	at steps.StepsLoginQuotes.deberia_ver_el_mensaje(StepsLoginQuotes.java:76)
	at ✽.debería ver el mensaje de error "Inyección SQL"(file:///C:/Users/hecto/Downloads/Entrevista/QuotesProject/src/test/resources/features/LoginQuotes.feature:55)

]]></system-out>
    <system-err><![CDATA[Jul 04, 2025 2:22:00 PM org.openqa.selenium.devtools.CdpVersionFinder findNearestMatch
WARNING: Unable to find CDP implementation matching 137
Jul 04, 2025 2:22:00 PM org.openqa.selenium.chromium.ChromiumDriver lambda$new$5
WARNING: Unable to find version of CDP to use for 137.0.7151.120. You may need to include a dependency on a specific version of the CDP using something similar to `org.seleniumhq.selenium:selenium-devtools-v86:4.20.0` where the version ("v86") matches the version of the chromium-based browser you're using and the version number of the artifact is the same as Selenium's.
]]></system-err>
  </testcase>
</testsuite>